[W 2022-08-09 16:27:09.518 LabApp] 'token' has moved from NotebookApp to ServerApp. This config will be passed to ServerApp. Be sure to update your config before our next release.
[W 2022-08-09 16:27:09.518 LabApp] 'password' has moved from NotebookApp to ServerApp. This config will be passed to ServerApp. Be sure to update your config before our next release.
[I 2022-08-09 16:27:09.522 ServerApp] jupyterlab | extension was successfully linked.
[W 2022-08-09 16:27:09.524 NotebookApp] 'use_redirect_file' has moved from NotebookApp to ServerApp. This config will be passed to ServerApp. Be sure to update your config before our next release.
[W 2022-08-09 16:27:09.524 NotebookApp] 'password' has moved from NotebookApp to ServerApp. This config will be passed to ServerApp. Be sure to update your config before our next release.
[I 2022-08-09 16:27:09.527 ServerApp] nbclassic | extension was successfully linked.
[I 2022-08-09 16:27:09.636 ServerApp] notebook_shim | extension was successfully linked.
[W 2022-08-09 16:27:09.644 ServerApp] WARNING: The Jupyter server is listening on all IP addresses and not using encryption. This is not recommended.
[W 2022-08-09 16:27:09.644 ServerApp] WARNING: The Jupyter server is listening on all IP addresses and not using authentication. This is highly insecure and not recommended.
[I 2022-08-09 16:27:09.645 ServerApp] notebook_shim | extension was successfully loaded.
[I 2022-08-09 16:27:09.646 LabApp] JupyterLab extension loaded from /home/jackquei/.local/lib/python3.10/site-packages/jupyterlab
[I 2022-08-09 16:27:09.646 LabApp] JupyterLab application directory is /home/jackquei/.local/share/jupyter/lab
[I 2022-08-09 16:27:09.647 ServerApp] jupyterlab | extension was successfully loaded.
[I 2022-08-09 16:27:09.649 ServerApp] nbclassic | extension was successfully loaded.
[I 2022-08-09 16:27:09.649 ServerApp] The port 8888 is already in use, trying another port.
[I 2022-08-09 16:27:09.649 ServerApp] The port 8889 is already in use, trying another port.
[I 2022-08-09 16:27:09.649 ServerApp] The port 8890 is already in use, trying another port.
[I 2022-08-09 16:27:09.649 ServerApp] Serving notebooks from local directory: /home/jackquei/Desktop/UNI_Muenchen/Thesis/lenstronomy/SDSSJ1433/general_program/SDSSJ0909
[I 2022-08-09 16:27:09.649 ServerApp] Jupyter Server 1.17.0 is running at:
[I 2022-08-09 16:27:09.649 ServerApp] http://localhost:8891/lab
[I 2022-08-09 16:27:09.650 ServerApp]  or http://127.0.0.1:8891/lab
[I 2022-08-09 16:27:09.650 ServerApp] Use Control-C to stop this server and shut down all kernels (twice to skip confirmation).
[W 2022-08-09 16:27:11.746 LabApp] Could not determine jupyterlab build status without nodejs
[W 2022-08-09 16:27:12.094 ServerApp] 404 GET /api/contents/play_with_qso.ipynb?content=0&1660055231925 (127.0.0.1): No such file or directory: play_with_qso.ipynb
[W 2022-08-09 16:27:12.094 ServerApp] No such file or directory: play_with_qso.ipynb
[W 2022-08-09 16:27:12.094 ServerApp] 404 GET /api/contents/play_with_qso.ipynb?content=0&1660055231925 (127.0.0.1) 1.47ms referer=http://localhost:8891/lab
[I 2022-08-09 16:27:12.226 ServerApp] New terminal with automatic name: 1
TermSocket.open: 1
TermSocket.open: Opened 1
[W 2022-08-09 16:27:20.838 ServerApp] Notebook SDSS_model.ipynb is not trusted
[I 2022-08-09 16:27:21.495 ServerApp] Kernel started: 040ca767-016a-4e81-8125-2b9002b2b9f8
[IPKernelApp] ERROR | No such comm target registered: jupyter.widget.control
[IPKernelApp] WARNING | No such comm: f812425b-ecf0-48cf-b19c-3b1b2acc9868
[I 2022-08-09 16:31:21.207 ServerApp] Saving file at /SDSS_model.ipynb
[W 2022-08-09 16:31:21.207 ServerApp] Notebook SDSS_model.ipynb is not trusted
[I 2022-08-09 16:33:21.618 ServerApp] Saving file at /SDSS_model.ipynb
[W 2022-08-09 16:33:21.618 ServerApp] Notebook SDSS_model.ipynb is not trusted
[I 2022-08-09 17:01:22.080 ServerApp] Saving file at /SDSS_model.ipynb
[W 2022-08-09 17:01:22.081 ServerApp] Notebook SDSS_model.ipynb is not trusted
[I 2022-08-09 17:03:22.121 ServerApp] Saving file at /SDSS_model.ipynb
[W 2022-08-09 17:03:22.122 ServerApp] Notebook SDSS_model.ipynb is not trusted
[I 2022-08-09 17:05:22.225 ServerApp] Saving file at /SDSS_model.ipynb
[W 2022-08-09 17:05:22.226 ServerApp] Notebook SDSS_model.ipynb is not trusted
[I 2022-08-09 17:07:22.280 ServerApp] Saving file at /SDSS_model.ipynb
[W 2022-08-09 17:07:22.280 ServerApp] Notebook SDSS_model.ipynb is not trusted
[I 2022-08-09 17:09:22.320 ServerApp] Saving file at /SDSS_model.ipynb
[W 2022-08-09 17:09:22.320 ServerApp] Notebook SDSS_model.ipynb is not trusted
[I 2022-08-09 17:11:22.378 ServerApp] Saving file at /SDSS_model.ipynb
[W 2022-08-09 17:11:22.379 ServerApp] Notebook SDSS_model.ipynb is not trusted
[I 2022-08-09 17:13:22.432 ServerApp] Saving file at /SDSS_model.ipynb
[W 2022-08-09 17:13:22.432 ServerApp] Notebook SDSS_model.ipynb is not trusted
[I 2022-08-09 17:17:22.485 ServerApp] Saving file at /SDSS_model.ipynb
[W 2022-08-09 17:17:22.486 ServerApp] Notebook SDSS_model.ipynb is not trusted
[I 2022-08-09 17:19:22.537 ServerApp] Saving file at /SDSS_model.ipynb
[W 2022-08-09 17:19:22.537 ServerApp] Notebook SDSS_model.ipynb is not trusted
[I 2022-08-09 17:21:22.565 ServerApp] Saving file at /SDSS_model.ipynb
[W 2022-08-09 17:21:22.566 ServerApp] Notebook SDSS_model.ipynb is not trusted
[I 2022-08-09 17:23:22.611 ServerApp] Saving file at /SDSS_model.ipynb
[W 2022-08-09 17:23:22.612 ServerApp] Notebook SDSS_model.ipynb is not trusted
[I 2022-08-09 17:25:22.667 ServerApp] Saving file at /SDSS_model.ipynb
[W 2022-08-09 17:25:22.668 ServerApp] Notebook SDSS_model.ipynb is not trusted
[I 2022-08-09 17:26:08.762 ServerApp] Saving file at /SDSS_model.ipynb
[W 2022-08-09 17:26:08.762 ServerApp] Notebook SDSS_model.ipynb is not trusted
Websocket closed
[I 2022-08-09 23:57:10.305 ServerApp] Starting buffering for 040ca767-016a-4e81-8125-2b9002b2b9f8:9c8e586a-3bf8-4c36-81ba-1f14c5bef34a
[W 2022-08-10 17:09:29.314 LabApp] 'token' has moved from NotebookApp to ServerApp. This config will be passed to ServerApp. Be sure to update your config before our next release.
[W 2022-08-10 17:09:29.323 LabApp] 'password' has moved from NotebookApp to ServerApp. This config will be passed to ServerApp. Be sure to update your config before our next release.
[I 2022-08-10 17:09:29.327 ServerApp] jupyterlab | extension was successfully linked.
[W 2022-08-10 17:09:29.329 NotebookApp] 'use_redirect_file' has moved from NotebookApp to ServerApp. This config will be passed to ServerApp. Be sure to update your config before our next release.
[W 2022-08-10 17:09:29.329 NotebookApp] 'password' has moved from NotebookApp to ServerApp. This config will be passed to ServerApp. Be sure to update your config before our next release.
[I 2022-08-10 17:09:29.332 ServerApp] nbclassic | extension was successfully linked.
[I 2022-08-10 17:09:29.441 ServerApp] notebook_shim | extension was successfully linked.
[W 2022-08-10 17:09:29.450 ServerApp] WARNING: The Jupyter server is listening on all IP addresses and not using encryption. This is not recommended.
[W 2022-08-10 17:09:29.450 ServerApp] WARNING: The Jupyter server is listening on all IP addresses and not using authentication. This is highly insecure and not recommended.
[I 2022-08-10 17:09:29.451 ServerApp] notebook_shim | extension was successfully loaded.
[I 2022-08-10 17:09:29.451 LabApp] JupyterLab extension loaded from /home/jackquei/.local/lib/python3.10/site-packages/jupyterlab
[I 2022-08-10 17:09:29.451 LabApp] JupyterLab application directory is /home/jackquei/.local/share/jupyter/lab
[I 2022-08-10 17:09:29.453 ServerApp] jupyterlab | extension was successfully loaded.
[I 2022-08-10 17:09:29.455 ServerApp] nbclassic | extension was successfully loaded.
[I 2022-08-10 17:09:29.455 ServerApp] The port 8888 is already in use, trying another port.
[I 2022-08-10 17:09:29.455 ServerApp] The port 8889 is already in use, trying another port.
[I 2022-08-10 17:09:29.455 ServerApp] The port 8890 is already in use, trying another port.
[I 2022-08-10 17:09:29.455 ServerApp] Serving notebooks from local directory: /home/jackquei/Desktop/UNI_Muenchen/Thesis/lenstronomy/SDSSJ1433/general_program/SDSSJ0909
[I 2022-08-10 17:09:29.455 ServerApp] Jupyter Server 1.17.0 is running at:
[I 2022-08-10 17:09:29.455 ServerApp] http://localhost:8891/lab
[I 2022-08-10 17:09:29.455 ServerApp]  or http://127.0.0.1:8891/lab
[I 2022-08-10 17:09:29.455 ServerApp] Use Control-C to stop this server and shut down all kernels (twice to skip confirmation).
[W 2022-08-10 17:09:31.312 LabApp] Could not determine jupyterlab build status without nodejs
[W 2022-08-10 17:09:31.838 ServerApp] 404 GET /api/contents/HST_HR_Main.ipynb?content=0&1660144171689 (127.0.0.1): No such file or directory: HST_HR_Main.ipynb
[W 2022-08-10 17:09:31.838 ServerApp] No such file or directory: HST_HR_Main.ipynb
[W 2022-08-10 17:09:31.838 ServerApp] 404 GET /api/contents/HST_HR_Main.ipynb?content=0&1660144171689 (127.0.0.1) 2.51ms referer=http://localhost:8891/lab
[I 2022-08-10 17:09:31.872 ServerApp] New terminal with automatic name: 1
TermSocket.open: 1
TermSocket.open: Opened 1
[W 2022-08-10 17:10:12.089 ServerApp] Notebook SDSS_model.ipynb is not trusted
[I 2022-08-10 17:10:12.728 ServerApp] Kernel started: f46df75a-05ff-4d4d-a942-114cc11f8fa3
[IPKernelApp] ERROR | No such comm target registered: jupyter.widget.control
[IPKernelApp] WARNING | No such comm: eb2b85fd-9daa-4dd3-b3a9-d39c7cef9c2f
[I 2022-08-10 17:12:12.655 ServerApp] Saving file at /SDSS_model.ipynb
[W 2022-08-10 17:12:12.655 ServerApp] Notebook SDSS_model.ipynb is not trusted
cp: cannot stat 'setting/settings_SDSS.py.py': No such file or directory
cp: cannot stat 'setting/settings_SDSS.py.py': No such file or directory
[I 2022-08-10 17:48:12.907 ServerApp] Saving file at /SDSS_model.ipynb
[I 2022-08-10 17:50:13.706 ServerApp] Saving file at /SDSS_model.ipynb
[I 2022-08-10 17:56:13.969 ServerApp] Saving file at /SDSS_model.ipynb
[I 2022-08-10 17:57:49.028 ServerApp] Kernel restarted: f46df75a-05ff-4d4d-a942-114cc11f8fa3
[IPKernelApp] ERROR | No such comm target registered: jupyter.widget.control
[IPKernelApp] WARNING | No such comm: 39d097bb-005f-444d-957f-cacbff9e559a
[I 2022-08-10 17:58:14.011 ServerApp] Saving file at /SDSS_model.ipynb
[I 2022-08-10 17:58:19.799 ServerApp] Kernel restarted: f46df75a-05ff-4d4d-a942-114cc11f8fa3
[IPKernelApp] ERROR | No such comm target registered: jupyter.widget.control
[IPKernelApp] WARNING | No such comm: bbcd7842-9288-4c5f-aea1-34a798ca4c81
[I 2022-08-10 17:59:06.055 ServerApp] Saving file at /SDSS_model.ipynb
[I 2022-08-10 17:59:25.221 ServerApp] Saving file at /SDSS_model.ipynb
[I 2022-08-11 00:51:44.538 ServerApp] Starting buffering for f46df75a-05ff-4d4d-a942-114cc11f8fa3:db017c19-e95c-42a5-9245-f41e13b3152d
Websocket closed
[I 09:32:44.424 NotebookApp] Authentication of /metrics is OFF, since other authentication is disabled.
[W 09:32:44.565 NotebookApp] WARNING: The notebook server is listening on all IP addresses and not using encryption. This is not recommended.
[W 09:32:44.565 NotebookApp] WARNING: The notebook server is listening on all IP addresses and not using authentication. This is highly insecure and not recommended.
[W 2022-08-12 09:32:44.662 LabApp] 'ip' has moved from NotebookApp to ServerApp. This config will be passed to ServerApp. Be sure to update your config before our next release.
[W 2022-08-12 09:32:44.662 LabApp] 'token' has moved from NotebookApp to ServerApp. This config will be passed to ServerApp. Be sure to update your config before our next release.
[W 2022-08-12 09:32:44.662 LabApp] 'password' has moved from NotebookApp to ServerApp. This config will be passed to ServerApp. Be sure to update your config before our next release.
[W 2022-08-12 09:32:44.662 LabApp] 'file_to_run' has moved from NotebookApp to ServerApp. This config will be passed to ServerApp. Be sure to update your config before our next release.
[W 2022-08-12 09:32:44.662 LabApp] 'use_redirect_file' has moved from NotebookApp to ServerApp. This config will be passed to ServerApp. Be sure to update your config before our next release.
[W 2022-08-12 09:32:44.662 LabApp] 'use_redirect_file' has moved from NotebookApp to ServerApp. This config will be passed to ServerApp. Be sure to update your config before our next release.
[I 2022-08-12 09:32:44.667 LabApp] JupyterLab extension loaded from /home/jackquei/.local/lib/python3.10/site-packages/jupyterlab
[I 2022-08-12 09:32:44.667 LabApp] JupyterLab application directory is /home/jackquei/.local/share/jupyter/lab
[I 09:32:44.669 NotebookApp] Serving notebooks from local directory: /home/jackquei/Desktop/UNI_Muenchen/Thesis/lenstronomy/SDSSJ1433/general_program/SDSSJ0909
[I 09:32:44.669 NotebookApp] Jupyter Notebook 6.4.11 is running at:
[I 09:32:44.669 NotebookApp] http://jackqueirolo-ThinkPad-X1-Carbon-Gen-9:8888/
[I 09:32:44.670 NotebookApp] Use Control-C to stop this server and shut down all kernels (twice to skip confirmation).
[I 09:32:45.913 NotebookApp] Kernel started: 34608f27-728d-4df0-a812-2adc9f956fa7, name: python3
[IPKernelApp] ERROR | No such comm target registered: jupyter.widget.control
[IPKernelApp] WARNING | No such comm: b41d0840-d4f7-4aac-97d4-b5055d867715
[I 09:32:53.970 NotebookApp] Saving file at /SDSS_model.ipynb
[I 09:39:30.745 NotebookApp] Saving file at /SDSS_model.ipynb
[I 20:45:24.260 NotebookApp] Starting buffering for 34608f27-728d-4df0-a812-2adc9f956fa7:9b07f077b7c147ad8b7d7ac8ecb0725a
