[W 2022-09-09 18:10:40.923 LabApp] 'token' has moved from NotebookApp to ServerApp. This config will be passed to ServerApp. Be sure to update your config before our next release.
[W 2022-09-09 18:10:40.923 LabApp] 'password' has moved from NotebookApp to ServerApp. This config will be passed to ServerApp. Be sure to update your config before our next release.
[I 2022-09-09 18:10:40.926 ServerApp] jupyterlab | extension was successfully linked.
[W 2022-09-09 18:10:40.929 NotebookApp] 'use_redirect_file' has moved from NotebookApp to ServerApp. This config will be passed to ServerApp. Be sure to update your config before our next release.
[W 2022-09-09 18:10:40.929 NotebookApp] 'password' has moved from NotebookApp to ServerApp. This config will be passed to ServerApp. Be sure to update your config before our next release.
[I 2022-09-09 18:10:40.932 ServerApp] nbclassic | extension was successfully linked.
[I 2022-09-09 18:10:41.050 ServerApp] notebook_shim | extension was successfully linked.
[W 2022-09-09 18:10:41.058 ServerApp] WARNING: The Jupyter server is listening on all IP addresses and not using encryption. This is not recommended.
[W 2022-09-09 18:10:41.058 ServerApp] WARNING: The Jupyter server is listening on all IP addresses and not using authentication. This is highly insecure and not recommended.
[I 2022-09-09 18:10:41.059 ServerApp] notebook_shim | extension was successfully loaded.
[I 2022-09-09 18:10:41.059 LabApp] JupyterLab extension loaded from /home/jackquei/.local/lib/python3.10/site-packages/jupyterlab
[I 2022-09-09 18:10:41.060 LabApp] JupyterLab application directory is /home/jackquei/.local/share/jupyter/lab
[I 2022-09-09 18:10:41.061 ServerApp] jupyterlab | extension was successfully loaded.
[I 2022-09-09 18:10:41.063 ServerApp] nbclassic | extension was successfully loaded.
[I 2022-09-09 18:10:41.063 ServerApp] The port 8888 is already in use, trying another port.
[I 2022-09-09 18:10:41.063 ServerApp] The port 8889 is already in use, trying another port.
[I 2022-09-09 18:10:41.063 ServerApp] The port 8890 is already in use, trying another port.
[I 2022-09-09 18:10:41.063 ServerApp] The port 8891 is already in use, trying another port.
[I 2022-09-09 18:10:41.063 ServerApp] The port 8892 is already in use, trying another port.
[I 2022-09-09 18:10:41.064 ServerApp] Serving notebooks from local directory: /home/jackquei/Desktop/UNI_Muenchen/Thesis/lenstronomy/SDSSJ1433/general_program/pert_f140w
[I 2022-09-09 18:10:41.064 ServerApp] Jupyter Server 1.17.0 is running at:
[I 2022-09-09 18:10:41.064 ServerApp] http://localhost:8963/lab
[I 2022-09-09 18:10:41.064 ServerApp]  or http://127.0.0.1:8963/lab
[I 2022-09-09 18:10:41.064 ServerApp] Use Control-C to stop this server and shut down all kernels (twice to skip confirmation).
[W 2022-09-09 18:10:43.000 LabApp] Could not determine jupyterlab build status without nodejs
[W 2022-09-09 18:10:43.511 ServerApp] 404 GET /api/contents/Simulate_f160w.ipynb?content=0&1662739843331 (127.0.0.1): No such file or directory: Simulate_f160w.ipynb
[W 2022-09-09 18:10:43.511 ServerApp] No such file or directory: Simulate_f160w.ipynb
[W 2022-09-09 18:10:43.511 ServerApp] 404 GET /api/contents/Simulate_f160w.ipynb?content=0&1662739843331 (127.0.0.1) 21.31ms referer=http://localhost:8963/lab
[I 2022-09-09 18:11:31.782 ServerApp] Creating new notebook in 
[I 2022-09-09 18:11:32.046 ServerApp] Kernel started: cfb4e6c0-71d6-4e2a-97bc-9a7e98b660dc
[IPKernelApp] ERROR | No such comm target registered: jupyter.widget.control
[IPKernelApp] WARNING | No such comm: de922db5-c785-44f5-9137-553166fb68e5
[I 2022-09-09 18:13:31.966 ServerApp] Saving file at /pert_f140w.ipynb
[I 2022-09-09 18:15:32.014 ServerApp] Saving file at /pert_f140w.ipynb
[I 2022-09-09 18:17:32.065 ServerApp] Saving file at /pert_f140w.ipynb
[I 2022-09-09 18:19:32.491 ServerApp] Saving file at /pert_f140w.ipynb
[I 2022-09-09 18:21:32.543 ServerApp] Saving file at /pert_f140w.ipynb
[I 2022-09-09 18:23:32.603 ServerApp] Saving file at /pert_f140w.ipynb
[I 2022-09-09 18:25:32.666 ServerApp] Saving file at /pert_f140w.ipynb
[I 2022-09-09 18:27:32.724 ServerApp] Saving file at /pert_f140w.ipynb
[I 2022-09-09 18:31:32.783 ServerApp] Saving file at /pert_f140w.ipynb
[I 2022-09-09 18:33:32.837 ServerApp] Saving file at /pert_f140w.ipynb
[I 2022-09-09 18:35:33.139 ServerApp] Saving file at /pert_f140w.ipynb
[I 2022-09-09 18:36:23.957 ServerApp] Saving file at /pert_f140w.ipynb
[I 2022-09-09 18:37:51.193 ServerApp] Saving file at /conversion.py
[I 2022-09-09 18:38:02.483 ServerApp] Saving file at /pert_f140w.ipynb
[I 2022-09-09 18:38:05.509 ServerApp] Kernel restarted: cfb4e6c0-71d6-4e2a-97bc-9a7e98b660dc
[IPKernelApp] ERROR | No such comm target registered: jupyter.widget.control
[IPKernelApp] WARNING | No such comm: 3fd81590-3543-44e9-ad03-bcc7e74ad793
[I 2022-09-09 18:40:02.515 ServerApp] Saving file at /pert_f140w.ipynb
[I 2022-09-09 18:42:02.572 ServerApp] Saving file at /pert_f140w.ipynb
[I 2022-09-09 18:42:28.220 ServerApp] Saving file at /pert_f140w.ipynb
[I 2022-09-09 18:44:28.282 ServerApp] Saving file at /pert_f140w.ipynb
[I 2022-09-09 18:45:10.653 ServerApp] Saving file at /pert_f140w.ipynb
[I 2022-09-09 18:45:29.699 ServerApp] Starting buffering for cfb4e6c0-71d6-4e2a-97bc-9a7e98b660dc:3a965834-0f16-4d86-ba04-45b9da2e87b3
[I 11:25:16.286 NotebookApp] Authentication of /metrics is OFF, since other authentication is disabled.
[W 11:25:16.381 NotebookApp] WARNING: The notebook server is listening on all IP addresses and not using encryption. This is not recommended.
[W 11:25:16.381 NotebookApp] WARNING: The notebook server is listening on all IP addresses and not using authentication. This is highly insecure and not recommended.
[W 2022-09-11 11:25:16.461 LabApp] 'ip' has moved from NotebookApp to ServerApp. This config will be passed to ServerApp. Be sure to update your config before our next release.
[W 2022-09-11 11:25:16.461 LabApp] 'token' has moved from NotebookApp to ServerApp. This config will be passed to ServerApp. Be sure to update your config before our next release.
[W 2022-09-11 11:25:16.461 LabApp] 'password' has moved from NotebookApp to ServerApp. This config will be passed to ServerApp. Be sure to update your config before our next release.
[W 2022-09-11 11:25:16.461 LabApp] 'file_to_run' has moved from NotebookApp to ServerApp. This config will be passed to ServerApp. Be sure to update your config before our next release.
[W 2022-09-11 11:25:16.461 LabApp] 'use_redirect_file' has moved from NotebookApp to ServerApp. This config will be passed to ServerApp. Be sure to update your config before our next release.
[W 2022-09-11 11:25:16.461 LabApp] 'use_redirect_file' has moved from NotebookApp to ServerApp. This config will be passed to ServerApp. Be sure to update your config before our next release.
[I 2022-09-11 11:25:16.465 LabApp] JupyterLab extension loaded from /home/jackquei/.local/lib/python3.10/site-packages/jupyterlab
[I 2022-09-11 11:25:16.465 LabApp] JupyterLab application directory is /home/jackquei/.local/share/jupyter/lab
[I 11:25:16.467 NotebookApp] The port 8888 is already in use, trying another port.
[I 11:25:16.467 NotebookApp] Serving notebooks from local directory: /home/jackquei/Desktop/UNI_Muenchen/Thesis/lenstronomy/SDSSJ1433/general_program/pert_f140w
[I 11:25:16.467 NotebookApp] Jupyter Notebook 6.4.11 is running at:
[I 11:25:16.468 NotebookApp] http://jackqueirolo-ThinkPad-X1-Carbon-Gen-9:8889/
[I 11:25:16.468 NotebookApp] Use Control-C to stop this server and shut down all kernels (twice to skip confirmation).
[I 11:25:17.379 NotebookApp] Kernel started: 8637072b-7ac4-4d6e-8124-f0c466870384, name: python3
[IPKernelApp] ERROR | No such comm target registered: jupyter.widget.control
[IPKernelApp] WARNING | No such comm: cea9b03e-21f9-4b19-bb65-44a7ba60998d
[I 11:31:34.958 NotebookApp] Starting buffering for 8637072b-7ac4-4d6e-8124-f0c466870384:24005059ecff4e66b1f328a6fd1946fd
[W 2022-09-11 11:31:38.147 LabApp] 'token' has moved from NotebookApp to ServerApp. This config will be passed to ServerApp. Be sure to update your config before our next release.
[W 2022-09-11 11:31:38.148 LabApp] 'password' has moved from NotebookApp to ServerApp. This config will be passed to ServerApp. Be sure to update your config before our next release.
[I 2022-09-11 11:31:38.152 ServerApp] jupyterlab | extension was successfully linked.
[W 2022-09-11 11:31:38.154 NotebookApp] 'use_redirect_file' has moved from NotebookApp to ServerApp. This config will be passed to ServerApp. Be sure to update your config before our next release.
[W 2022-09-11 11:31:38.154 NotebookApp] 'password' has moved from NotebookApp to ServerApp. This config will be passed to ServerApp. Be sure to update your config before our next release.
[I 2022-09-11 11:31:38.157 ServerApp] nbclassic | extension was successfully linked.
[I 2022-09-11 11:31:38.268 ServerApp] notebook_shim | extension was successfully linked.
[W 2022-09-11 11:31:38.287 ServerApp] WARNING: The Jupyter server is listening on all IP addresses and not using encryption. This is not recommended.
[W 2022-09-11 11:31:38.287 ServerApp] WARNING: The Jupyter server is listening on all IP addresses and not using authentication. This is highly insecure and not recommended.
[I 2022-09-11 11:31:38.288 ServerApp] notebook_shim | extension was successfully loaded.
[I 2022-09-11 11:31:38.288 LabApp] JupyterLab extension loaded from /home/jackquei/.local/lib/python3.10/site-packages/jupyterlab
[I 2022-09-11 11:31:38.289 LabApp] JupyterLab application directory is /home/jackquei/.local/share/jupyter/lab
[I 2022-09-11 11:31:38.290 ServerApp] jupyterlab | extension was successfully loaded.
[I 2022-09-11 11:31:38.293 ServerApp] nbclassic | extension was successfully loaded.
[I 2022-09-11 11:31:38.293 ServerApp] The port 8888 is already in use, trying another port.
[I 2022-09-11 11:31:38.293 ServerApp] The port 8889 is already in use, trying another port.
[I 2022-09-11 11:31:38.293 ServerApp] Serving notebooks from local directory: /home/jackquei/Desktop/UNI_Muenchen/Thesis/lenstronomy/SDSSJ1433/general_program/pert_f140w
[I 2022-09-11 11:31:38.293 ServerApp] Jupyter Server 1.17.0 is running at:
[I 2022-09-11 11:31:38.293 ServerApp] http://localhost:8890/lab
[I 2022-09-11 11:31:38.293 ServerApp]  or http://127.0.0.1:8890/lab
[I 2022-09-11 11:31:38.294 ServerApp] Use Control-C to stop this server and shut down all kernels (twice to skip confirmation).
[W 2022-09-11 11:31:40.122 LabApp] Could not determine jupyterlab build status without nodejs
[I 2022-09-11 11:31:41.676 ServerApp] Kernel started: 81ebeb3f-d531-4902-98b1-48143bf34e42
[IPKernelApp] ERROR | No such comm target registered: jupyter.widget.control
[IPKernelApp] WARNING | No such comm: b9177636-5813-46c0-aec9-1f97b56e67d3
[I 2022-09-11 12:25:42.228 ServerApp] Saving file at /pert_f140w.ipynb
[I 2022-09-11 12:27:42.289 ServerApp] Saving file at /pert_f140w.ipynb
[I 2022-09-11 12:29:42.343 ServerApp] Saving file at /pert_f140w.ipynb
[I 2022-09-11 12:31:42.399 ServerApp] Saving file at /pert_f140w.ipynb
[I 2022-09-11 12:39:42.457 ServerApp] Saving file at /pert_f140w.ipynb
[I 2022-09-11 12:41:42.519 ServerApp] Saving file at /pert_f140w.ipynb
[I 2022-09-11 12:43:42.578 ServerApp] Saving file at /pert_f140w.ipynb
[I 2022-09-11 12:45:42.638 ServerApp] Saving file at /pert_f140w.ipynb
[I 2022-09-11 12:47:42.701 ServerApp] Saving file at /pert_f140w.ipynb
[I 2022-09-11 12:49:42.772 ServerApp] Saving file at /pert_f140w.ipynb
[I 2022-09-11 12:51:43.174 ServerApp] Saving file at /pert_f140w.ipynb
[I 2022-09-11 12:55:43.274 ServerApp] Saving file at /pert_f140w.ipynb
[I 2022-09-11 12:57:43.331 ServerApp] Saving file at /pert_f140w.ipynb
[I 2022-09-11 12:59:43.396 ServerApp] Saving file at /pert_f140w.ipynb
[I 2022-09-11 13:01:43.462 ServerApp] Saving file at /pert_f140w.ipynb
[I 2022-09-11 13:03:43.527 ServerApp] Saving file at /pert_f140w.ipynb
[I 2022-09-11 13:05:43.589 ServerApp] Saving file at /pert_f140w.ipynb
[I 2022-09-11 13:07:38.364 ServerApp] Saving file at /pert_f140w.ipynb
[I 2022-09-11 13:10:14.383 ServerApp] Saving file at /pert_f140w.ipynb
[I 2022-09-11 13:10:17.737 ServerApp] Starting buffering for 81ebeb3f-d531-4902-98b1-48143bf34e42:300b48d2-fda0-4c86-a886-3b79f2c84fbc
[W 2022-09-12 10:57:22.623 LabApp] 'token' has moved from NotebookApp to ServerApp. This config will be passed to ServerApp. Be sure to update your config before our next release.
[W 2022-09-12 10:57:22.632 LabApp] 'password' has moved from NotebookApp to ServerApp. This config will be passed to ServerApp. Be sure to update your config before our next release.
[I 2022-09-12 10:57:22.635 ServerApp] jupyterlab | extension was successfully linked.
[W 2022-09-12 10:57:22.637 NotebookApp] 'use_redirect_file' has moved from NotebookApp to ServerApp. This config will be passed to ServerApp. Be sure to update your config before our next release.
[W 2022-09-12 10:57:22.637 NotebookApp] 'password' has moved from NotebookApp to ServerApp. This config will be passed to ServerApp. Be sure to update your config before our next release.
[I 2022-09-12 10:57:22.641 ServerApp] nbclassic | extension was successfully linked.
[I 2022-09-12 10:57:22.748 ServerApp] notebook_shim | extension was successfully linked.
[W 2022-09-12 10:57:22.756 ServerApp] WARNING: The Jupyter server is listening on all IP addresses and not using encryption. This is not recommended.
[W 2022-09-12 10:57:22.756 ServerApp] WARNING: The Jupyter server is listening on all IP addresses and not using authentication. This is highly insecure and not recommended.
[I 2022-09-12 10:57:22.757 ServerApp] notebook_shim | extension was successfully loaded.
[I 2022-09-12 10:57:22.757 LabApp] JupyterLab extension loaded from /home/jackquei/.local/lib/python3.10/site-packages/jupyterlab
[I 2022-09-12 10:57:22.757 LabApp] JupyterLab application directory is /home/jackquei/.local/share/jupyter/lab
[I 2022-09-12 10:57:22.759 ServerApp] jupyterlab | extension was successfully loaded.
[I 2022-09-12 10:57:22.760 ServerApp] nbclassic | extension was successfully loaded.
[I 2022-09-12 10:57:22.761 ServerApp] The port 8888 is already in use, trying another port.
[I 2022-09-12 10:57:22.761 ServerApp] Serving notebooks from local directory: /home/jackquei/Desktop/UNI_Muenchen/Thesis/lenstronomy/SDSSJ1433/general_program/pert_f140w
[I 2022-09-12 10:57:22.761 ServerApp] Jupyter Server 1.17.0 is running at:
[I 2022-09-12 10:57:22.761 ServerApp] http://localhost:8889/lab
[I 2022-09-12 10:57:22.761 ServerApp]  or http://127.0.0.1:8889/lab
[I 2022-09-12 10:57:22.761 ServerApp] Use Control-C to stop this server and shut down all kernels (twice to skip confirmation).
[W 2022-09-12 10:57:24.597 LabApp] Could not determine jupyterlab build status without nodejs
[I 2022-09-12 10:57:43.565 ServerApp] Kernel started: 5893fef1-30a0-4d75-a663-df5d74d0519a
[IPKernelApp] ERROR | No such comm target registered: jupyter.widget.control
[IPKernelApp] WARNING | No such comm: a11510a7-79a7-47f9-a00d-d061f7d13624
[I 2022-09-12 11:01:44.138 ServerApp] Saving file at /pert_f140w.ipynb
[I 2022-09-12 11:03:44.194 ServerApp] Saving file at /pert_f140w.ipynb
[I 2022-09-12 11:23:45.392 ServerApp] Saving file at /pert_f140w.ipynb
[I 2022-09-12 11:25:45.457 ServerApp] Saving file at /pert_f140w.ipynb
[I 2022-09-12 11:27:45.517 ServerApp] Saving file at /pert_f140w.ipynb
[I 2022-09-12 11:29:45.584 ServerApp] Saving file at /pert_f140w.ipynb
[I 2022-09-12 11:31:45.660 ServerApp] Saving file at /pert_f140w.ipynb
[I 2022-09-12 11:33:45.719 ServerApp] Saving file at /pert_f140w.ipynb
[I 2022-09-12 11:34:06.954 ServerApp] Saving file at /pert_f140w.ipynb
[I 2022-09-12 15:36:32.720 ServerApp] Starting buffering for 5893fef1-30a0-4d75-a663-df5d74d0519a:1c72c75a-b3da-4b2f-8bae-d1270cecc577
[I 12:18:06.297 NotebookApp] Authentication of /metrics is OFF, since other authentication is disabled.
[W 12:18:06.392 NotebookApp] WARNING: The notebook server is listening on all IP addresses and not using encryption. This is not recommended.
[W 12:18:06.392 NotebookApp] WARNING: The notebook server is listening on all IP addresses and not using authentication. This is highly insecure and not recommended.
[W 2022-09-13 12:18:06.478 LabApp] 'ip' has moved from NotebookApp to ServerApp. This config will be passed to ServerApp. Be sure to update your config before our next release.
[W 2022-09-13 12:18:06.478 LabApp] 'token' has moved from NotebookApp to ServerApp. This config will be passed to ServerApp. Be sure to update your config before our next release.
[W 2022-09-13 12:18:06.478 LabApp] 'password' has moved from NotebookApp to ServerApp. This config will be passed to ServerApp. Be sure to update your config before our next release.
[W 2022-09-13 12:18:06.478 LabApp] 'file_to_run' has moved from NotebookApp to ServerApp. This config will be passed to ServerApp. Be sure to update your config before our next release.
[W 2022-09-13 12:18:06.478 LabApp] 'use_redirect_file' has moved from NotebookApp to ServerApp. This config will be passed to ServerApp. Be sure to update your config before our next release.
[W 2022-09-13 12:18:06.478 LabApp] 'use_redirect_file' has moved from NotebookApp to ServerApp. This config will be passed to ServerApp. Be sure to update your config before our next release.
[I 2022-09-13 12:18:06.482 LabApp] JupyterLab extension loaded from /home/jackquei/.local/lib/python3.10/site-packages/jupyterlab
[I 2022-09-13 12:18:06.482 LabApp] JupyterLab application directory is /home/jackquei/.local/share/jupyter/lab
[I 12:18:06.484 NotebookApp] The port 8888 is already in use, trying another port.
[I 12:18:06.484 NotebookApp] The port 8889 is already in use, trying another port.
[I 12:18:06.485 NotebookApp] Serving notebooks from local directory: /home/jackquei/Desktop/UNI_Muenchen/Thesis/lenstronomy/SDSSJ1433/general_program/pert_f140w
[I 12:18:06.485 NotebookApp] Jupyter Notebook 6.4.11 is running at:
[I 12:18:06.485 NotebookApp] http://jackqueirolo-ThinkPad-X1-Carbon-Gen-9:8890/
[I 12:18:06.485 NotebookApp] Use Control-C to stop this server and shut down all kernels (twice to skip confirmation).
[I 12:18:07.521 NotebookApp] Kernel started: e7759c25-3391-4ba7-b533-8111a6a01795, name: python3
[IPKernelApp] ERROR | No such comm target registered: jupyter.widget.control
[IPKernelApp] WARNING | No such comm: 7331a1e7-2366-44dd-95ef-68196497022c
[I 12:22:07.511 NotebookApp] Saving file at /pert_f140w.ipynb
[I 12:24:07.510 NotebookApp] Saving file at /pert_f140w.ipynb
[I 14:04:25.875 NotebookApp] Saving file at /pert_f140w.ipynb
[I 14:05:09.285 NotebookApp] Saving file at /pert_f140w.ipynb
[I 14:06:25.876 NotebookApp] Saving file at /pert_f140w.ipynb
[I 14:06:55.848 NotebookApp] Saving file at /pert_f140w.ipynb
[I 14:07:46.671 NotebookApp] Saving file at /pert_f140w.ipynb
[I 14:08:12.474 NotebookApp] Saving file at /pert_f140w.ipynb
[I 14:08:36.909 NotebookApp] Saving file at /pert_f140w.ipynb
[I 14:10:25.878 NotebookApp] Saving file at /pert_f140w.ipynb
[I 14:12:25.867 NotebookApp] Saving file at /pert_f140w.ipynb
[I 14:12:32.556 NotebookApp] Saving file at /pert_f140w.ipynb
[I 14:14:25.877 NotebookApp] Saving file at /pert_f140w.ipynb
[I 14:15:46.068 NotebookApp] Saving file at /pert_f140w.ipynb
[I 14:16:25.879 NotebookApp] Saving file at /pert_f140w.ipynb
[I 14:18:25.866 NotebookApp] Saving file at /pert_f140w.ipynb
[I 14:20:25.879 NotebookApp] Saving file at /pert_f140w.ipynb
[I 14:21:11.561 NotebookApp] Saving file at /pert_f140w.ipynb
[I 14:25:48.253 NotebookApp] Saving file at /pert_f140w.ipynb
[I 14:25:48.777 NotebookApp] Starting buffering for e7759c25-3391-4ba7-b533-8111a6a01795:5cfc4aab32b142a2bf7dcafe828f5e0e
